<?xml version="1.0" encoding="UTF-8"?>
<testng-results ignored="0" total="1" passed="1" failed="0" skipped="0">
  <reporter-output>
  </reporter-output>
  <suite started-at="2022-12-26T12:49:55 IST" name="Default suite" finished-at="2022-12-26T12:50:29 IST" duration-ms="34593">
    <groups>
    </groups>
    <test started-at="2022-12-26T12:49:55 IST" name="Default test" finished-at="2022-12-26T12:50:29 IST" duration-ms="34593">
      <class name="com.Hub.ordertocheckinjenkins">
        <test-method signature="OTFwithcod()[pri:1, instance:com.Hub.ordertocheckinjenkins@378542de]" started-at="2022-12-26T12:49:55 IST" name="OTFwithcod" finished-at="2022-12-26T12:50:29 IST" duration-ms="34568" status="PASS">
          <reporter-output>
          </reporter-output>
        </test-method> <!-- OTFwithcod -->
      </class> <!-- com.Hub.ordertocheckinjenkins -->
    </test> <!-- Default test -->
  </suite> <!-- Default suite -->
</testng-results>
