<?xml version="1.0" encoding="UTF-8"?>
<testng-results ignored="0" total="1" passed="1" failed="0" skipped="0">
  <reporter-output>
  </reporter-output>
  <suite started-at="2022-11-28T15:21:46 IST" name="Default suite" finished-at="2022-11-28T15:22:11 IST" duration-ms="25178">
    <groups>
    </groups>
    <test started-at="2022-11-28T15:21:46 IST" name="Default test" finished-at="2022-11-28T15:22:11 IST" duration-ms="25178">
      <class name="GIT.HUB.cuponinvalid">
        <test-method is-config="true" signature="Intiate_Report()[pri:0, instance:GIT.HUB.cuponinvalid@51dcb805]" started-at="2022-11-28T15:21:46 IST" name="Intiate_Report" finished-at="2022-11-28T15:21:46 IST" duration-ms="227" status="PASS">
          <reporter-output>
          </reporter-output>
        </test-method> <!-- Intiate_Report -->
        <test-method signature="invalidcoupons()[pri:0, instance:GIT.HUB.cuponinvalid@51dcb805]" started-at="2022-11-28T15:21:46 IST" name="invalidcoupons" finished-at="2022-11-28T15:22:10 IST" duration-ms="23938" status="PASS">
          <reporter-output>
          </reporter-output>
        </test-method> <!-- invalidcoupons -->
        <test-method is-config="true" signature="Flush_reports()[pri:0, instance:GIT.HUB.cuponinvalid@51dcb805]" started-at="2022-11-28T15:22:10 IST" name="Flush_reports" finished-at="2022-11-28T15:22:11 IST" duration-ms="945" status="PASS">
          <reporter-output>
          </reporter-output>
        </test-method> <!-- Flush_reports -->
      </class> <!-- GIT.HUB.cuponinvalid -->
    </test> <!-- Default test -->
  </suite> <!-- Default suite -->
</testng-results>
